D:\visual stodio 2017\Common7\IDE\VC\VCTargets\Microsoft.CppBuild.targets(377,5): warning MSB8004: Output 目录未以斜杠结尾。  此生成实例将添加斜杠，因为必须有这个斜杠才能正确计算 Output 目录。
  FastDeskew.cpp
f:\github\bishe\license-plate-recognition\license plate recognition\lpr\src\fastdeskew.cpp(18): warning C4244: “return”: 从“double”转换到“int”，可能丢失数据
f:\github\bishe\license-plate-recognition\license plate recognition\lpr\src\fastdeskew.cpp(41): warning C4267: “参数”: 从“size_t”转换到“int”，可能丢失数据
f:\github\bishe\license-plate-recognition\license plate recognition\lpr\src\fastdeskew.cpp(73): warning C4244: “初始化”: 从“double”转换到“float”，可能丢失数据
f:\github\bishe\license-plate-recognition\license plate recognition\lpr\src\fastdeskew.cpp(76): warning C4244: “参数”: 从“_Tp”转换到“_Tp”，可能丢失数据
          with
          [
              _Tp=int
          ]
          and
          [
              _Tp=float
          ]
f:\github\bishe\license-plate-recognition\license plate recognition\lpr\src\fastdeskew.cpp(79): warning C4244: “参数”: 从“_Tp”转换到“_Tp”，可能丢失数据
          with
          [
              _Tp=int
          ]
          and
          [
              _Tp=float
          ]
f:\github\bishe\license-plate-recognition\license plate recognition\lpr\src\fastdeskew.cpp(80): warning C4244: “参数”: 从“_Tp”转换到“_Tp”，可能丢失数据
          with
          [
              _Tp=int
          ]
          and
          [
              _Tp=float
          ]
f:\github\bishe\license-plate-recognition\license plate recognition\lpr\src\fastdeskew.cpp(88): warning C4244: “参数”: 从“_Tp”转换到“_Tp”，可能丢失数据
          with
          [
              _Tp=int
          ]
          and
          [
              _Tp=float
          ]
f:\github\bishe\license-plate-recognition\license plate recognition\lpr\src\fastdeskew.cpp(89): warning C4244: “参数”: 从“_Tp”转换到“_Tp”，可能丢失数据
          with
          [
              _Tp=int
          ]
          and
          [
              _Tp=float
          ]
f:\github\bishe\license-plate-recognition\license plate recognition\lpr\src\fastdeskew.cpp(127): warning C4244: “初始化”: 从“__int64”转换到“int”，可能丢失数据
  test_pipeline.cpp
f:\github\bishe\license-plate-recognition\license plate recognition\lpr\tests\test_pipeline.cpp : warning C4819: 该文件包含不能在当前代码页(936)中表示的字符。请将该文件保存为 Unicode 格式以防止数据丢失
  正在生成代码...
  Prj-Win.vcxproj -> F:\github\bishe\License-Plate-Recognition\License Plate Recognition\Build\Prj-Win.exe
